<?xml version="1.0" encoding="UTF-8"?>
<!-- Generated by org.testng.reporters.JUnitReportReporter -->
<testsuite skipped="0" hostname="hp" name="com.seleniumHybridFramework.testCases.TC_AddNewCustomerTest_003" tests="1" failures="0" timestamp="14 Jul 2019 16:30:40 GMT" time="42.978" errors="0">
  <testcase name="addNewCustomer" time="42.978" classname="com.seleniumHybridFramework.testCases.TC_AddNewCustomerTest_003"/>
</testsuite> <!-- com.seleniumHybridFramework.testCases.TC_AddNewCustomerTest_003 -->
