<?xml version="1.0" encoding="UTF-8"?>
<!-- Generated by org.testng.reporters.JUnitReportReporter -->
<testsuite skipped="0" hostname="hp" name="com.seleniumHybridFramework.testCases.TC_EditCustomerTest_004" tests="1" failures="0" timestamp="13 Jul 2019 15:21:14 GMT" time="35.861" errors="0">
  <testcase name="EditCustomer" time="35.861" classname="com.seleniumHybridFramework.testCases.TC_EditCustomerTest_004"/>
</testsuite> <!-- com.seleniumHybridFramework.testCases.TC_EditCustomerTest_004 -->
