<?xml version="1.0" encoding="UTF-8"?>
<!-- Generated by org.testng.reporters.JUnitReportReporter -->
<testsuite skipped="0" hostname="hp" name="com.seleniumHybridFramework.testCases.TC_AddNewAccount_005" tests="1" failures="0" timestamp="15 Jul 2019 04:59:20 GMT" time="42.116" errors="0">
  <testcase name="addNewCustomer" time="42.116" classname="com.seleniumHybridFramework.testCases.TC_AddNewAccount_005"/>
</testsuite> <!-- com.seleniumHybridFramework.testCases.TC_AddNewAccount_005 -->
